Using pre-set license
Built from '2020.3/release' branch; Version is '2020.3.27f1 (e759542391ea) revision 15161684'; Using compiler version '192528614'; Build Type 'Release'
OS: 'Windows 10  (10.0.19044) 64bit Professional' Language: 'es' Physical Memory: 8072 MB
BatchMode: 1, IsHumanControllingUs: 0, StartBugReporterOnCrash: 0, Is64bit: 1, IsPro: 0

COMMAND LINE ARGUMENTS:
C:\Program Files\Unity\Hub\Editor\2020.3.27f1\Editor\Unity.exe
-adb2
-batchMode
-noUpm
-name
AssetImportWorker0
-projectPath
C:/Users/jimmy/Desktop/ProyectoJuego
-logFile
Logs/AssetImportWorker0.log
-srvPort
57620
Successfully changed project path to: C:/Users/jimmy/Desktop/ProyectoJuego
C:/Users/jimmy/Desktop/ProyectoJuego
Using Asset Import Pipeline V2.
Refreshing native plugins compatible for Editor in 52.36 ms, found 2 plugins.
Preloading 0 native plugins for Editor in 0.00 ms.
Initialize engine version: 2020.3.27f1 (e759542391ea)
[Subsystems] Discovering subsystems at path C:/Program Files/Unity/Hub/Editor/2020.3.27f1/Editor/Data/Resources/UnitySubsystems
[Subsystems] Discovering subsystems at path C:/Users/jimmy/Desktop/ProyectoJuego/Assets
GfxDevice: creating device client; threaded=0
Direct3D:
    Version:  Direct3D 11.0 [level 10.1]
    Renderer: Intel(R) HD Graphics 3000 (ID=0x126)
    Vendor:   
    VRAM:     128 MB
    Driver:   9.17.10.4459
Initialize mono
Mono path[0] = 'C:/Program Files/Unity/Hub/Editor/2020.3.27f1/Editor/Data/Managed'
Mono path[1] = 'C:/Program Files/Unity/Hub/Editor/2020.3.27f1/Editor/Data/MonoBleedingEdge/lib/mono/unityjit'
Mono config path = 'C:/Program Files/Unity/Hub/Editor/2020.3.27f1/Editor/Data/MonoBleedingEdge/etc'
Using monoOptions --debugger-agent=transport=dt_socket,embedding=1,server=y,suspend=n,address=127.0.0.1:56548
Begin MonoManager ReloadAssembly
Registering precompiled unity dll's ...
Register platform support module: C:/Program Files/Unity/Hub/Editor/2020.3.27f1/Editor/Data/PlaybackEngines/WebGLSupport/UnityEditor.WebGL.Extensions.dll
Register platform support module: C:/Program Files/Unity/Hub/Editor/2020.3.27f1/Editor/Data/PlaybackEngines/WindowsStandaloneSupport/UnityEditor.WindowsStandalone.Extensions.dll
Registered in 0.004005 seconds.
Native extension for WindowsStandalone target not found
Native extension for WebGL target not found
Refreshing native plugins compatible for Editor in 50.60 ms, found 2 plugins.
Preloading 0 native plugins for Editor in 0.00 ms.
Mono: successfully reloaded assembly
- Completed reload, in  0.965 seconds
Domain Reload Profiling:
	ReloadAssembly (966ms)
		BeginReloadAssembly (104ms)
			ExecutionOrderSort (0ms)
			DisableScriptedObjects (0ms)
			BackupInstance (0ms)
			ReleaseScriptingObjects (0ms)
			CreateAndSetChildDomain (1ms)
		EndReloadAssembly (745ms)
			LoadAssemblies (101ms)
			RebuildTransferFunctionScriptingTraits (0ms)
			SetupTypeCache (253ms)
			ReleaseScriptCaches (0ms)
			RebuildScriptCaches (51ms)
			SetupLoadedEditorAssemblies (260ms)
				LogAssemblyErrors (0ms)
				InitializePlatformSupportModulesInManaged (9ms)
				SetLoadedEditorAssemblies (0ms)
				RefreshPlugins (51ms)
				BeforeProcessingInitializeOnLoad (13ms)
				ProcessInitializeOnLoadAttributes (137ms)
				ProcessInitializeOnLoadMethodAttributes (49ms)
				AfterProcessingInitializeOnLoad (0ms)
				EditorAssembliesLoaded (0ms)
			ExecutionOrderSort2 (0ms)
			AwakeInstancesAfterBackupRestoration (0ms)
Platform modules already initialized, skipping
Registering precompiled user dll's ...
Registered in 0.010072 seconds.
Begin MonoManager ReloadAssembly
Native extension for WindowsStandalone target not found
Native extension for WebGL target not found
Refreshing native plugins compatible for Editor in 0.50 ms, found 2 plugins.
Preloading 0 native plugins for Editor in 0.00 ms.
Mono: successfully reloaded assembly
- Completed reload, in  1.603 seconds
Domain Reload Profiling:
	ReloadAssembly (1604ms)
		BeginReloadAssembly (252ms)
			ExecutionOrderSort (0ms)
			DisableScriptedObjects (7ms)
			BackupInstance (0ms)
			ReleaseScriptingObjects (0ms)
			CreateAndSetChildDomain (26ms)
		EndReloadAssembly (1253ms)
			LoadAssemblies (168ms)
			RebuildTransferFunctionScriptingTraits (0ms)
			SetupTypeCache (456ms)
			ReleaseScriptCaches (1ms)
			RebuildScriptCaches (70ms)
			SetupLoadedEditorAssemblies (440ms)
				LogAssemblyErrors (0ms)
				InitializePlatformSupportModulesInManaged (8ms)
				SetLoadedEditorAssemblies (1ms)
				RefreshPlugins (1ms)
				BeforeProcessingInitializeOnLoad (89ms)
				ProcessInitializeOnLoadAttributes (316ms)
				ProcessInitializeOnLoadMethodAttributes (14ms)
				AfterProcessingInitializeOnLoad (11ms)
				EditorAssembliesLoaded (0ms)
			ExecutionOrderSort2 (0ms)
			AwakeInstancesAfterBackupRestoration (10ms)
Platform modules already initialized, skipping
========================================================================
Worker process is ready to serve import requests
Launched and connected shader compiler UnityShaderCompiler.exe after 0.07 seconds
Refreshing native plugins compatible for Editor in 0.49 ms, found 2 plugins.
Preloading 0 native plugins for Editor in 0.00 ms.
Unloading 1518 Unused Serialized files (Serialized files now loaded: 0)
System memory in use before: 69.1 MB.
System memory in use after: 69.2 MB.

Unloading 19 unused Assets to reduce memory usage. Loaded Objects now: 1948.
Total: 4.238600 ms (FindLiveObjects: 0.173600 ms CreateObjectMapping: 0.062100 ms MarkObjects: 3.905700 ms  DeleteObjects: 0.095000 ms)

AssetImportParameters requested are different than current active one (requested -> active):
  custom:framework-win-MediaFoundation: 216162199b28c13a410421893ffa2e32 -> 
  custom:video-decoder-ogg-theora: a1e56fd34408186e4bbccfd4996cb3dc -> 
  custom:container-muxer-webm: aa71ff27fc2769a1b78a27578f13a17b -> 
  custom:container-demuxer-webm: 4f35f7cbe854078d1ac9338744f61a02 -> 
  custom:container-demuxer-ogg: 62fdf1f143b41e24485cea50d1cbac27 -> 
  custom:video-encoder-webm-vp8: eb34c28f22e8b96e1ab97ce403110664 -> 
  custom:video-decoder-webm-vp8: 9c59270c3fd7afecdb556c50c9e8de78 -> 
  custom:audio-decoder-ogg-vorbis: bf7c407c2cedff20999df2af8eb42d56 -> 
  custom:audio-encoder-webm-vorbis: bf7c407c2cedff20999df2af8eb42d56 -> 
========================================================================
Received Import Request.
  path: Assets/Fuentes/SHOWG.TTF
  artifactKey: Guid(4a68a3ecaef5d9940a93912f2b85b074) Importer(815301076,1909f56bfc062723c751e8b465ee728b)
Start importing Assets/Fuentes/SHOWG.TTF using Guid(4a68a3ecaef5d9940a93912f2b85b074) Importer(815301076,1909f56bfc062723c751e8b465ee728b)  -> (artifact id: 'f79ed8720f34714c4576c46bafd4a3af') in 0.269157 seconds 
  Import took 0.276244 seconds .

========================================================================
Received Import Request.
  Time since last request: 0.344463 seconds.
  path: Assets/Texturas/boton2.png
  artifactKey: Guid(270f65c2c9c5fc84090fcf018166e317) Importer(815301076,1909f56bfc062723c751e8b465ee728b)
Start importing Assets/Texturas/boton2.png using Guid(270f65c2c9c5fc84090fcf018166e317) Importer(815301076,1909f56bfc062723c751e8b465ee728b)  -> (artifact id: 'f8cc57e86c2938a67600a4e1deb24b80') in 0.128728 seconds 
  Import took 0.138294 seconds .

========================================================================
Received Import Request.
  Time since last request: 0.000363 seconds.
  path: Assets/Texturas/raton2.png
  artifactKey: Guid(022e1f1b9278e534595b9af7074e37a3) Importer(815301076,1909f56bfc062723c751e8b465ee728b)
Start importing Assets/Texturas/raton2.png using Guid(022e1f1b9278e534595b9af7074e37a3) Importer(815301076,1909f56bfc062723c751e8b465ee728b)  -> (artifact id: 'a4cdf9b4c7e9fabf9525373c6a2275b7') in 0.093106 seconds 
  Import took 0.122139 seconds .

========================================================================
Received Import Request.
  Time since last request: 0.000289 seconds.
  path: Assets/Texturas/ratonera8.png
  artifactKey: Guid(4208b4ad89892d949a2bf0998268ad58) Importer(815301076,1909f56bfc062723c751e8b465ee728b)
Start importing Assets/Texturas/ratonera8.png using Guid(4208b4ad89892d949a2bf0998268ad58) Importer(815301076,1909f56bfc062723c751e8b465ee728b)  -> (artifact id: 'af02bab00b7a7b29546287213bcb584b') in 0.182049 seconds 
  Import took 0.203108 seconds .

========================================================================
Received Import Request.
  Time since last request: 0.000371 seconds.
  path: Assets/Texturas/ESCAPE.png
  artifactKey: Guid(c54a18ff7c58f1a468102efe8c8c4455) Importer(815301076,1909f56bfc062723c751e8b465ee728b)
Start importing Assets/Texturas/ESCAPE.png using Guid(c54a18ff7c58f1a468102efe8c8c4455) Importer(815301076,1909f56bfc062723c751e8b465ee728b)  -> (artifact id: 'e39e05880e3db7218138121f285c4df9') in 0.104528 seconds 
  Import took 0.116543 seconds .

========================================================================
Received Import Request.
  Time since last request: 0.000358 seconds.
  path: Assets/Texturas/raton1.png
  artifactKey: Guid(7a9d727084b7a70438313607443a3654) Importer(815301076,1909f56bfc062723c751e8b465ee728b)
Start importing Assets/Texturas/raton1.png using Guid(7a9d727084b7a70438313607443a3654) Importer(815301076,1909f56bfc062723c751e8b465ee728b)  -> (artifact id: 'b2e3678963a146e4d96c1e4484552ba0') in 0.046994 seconds 
  Import took 0.054450 seconds .

========================================================================
Received Import Request.
  Time since last request: 0.000414 seconds.
  path: Assets/Texturas/MOUSE.png
  artifactKey: Guid(1686e8b38b3a26b4aae4e1f6db4ebc2f) Importer(815301076,1909f56bfc062723c751e8b465ee728b)
Start importing Assets/Texturas/MOUSE.png using Guid(1686e8b38b3a26b4aae4e1f6db4ebc2f) Importer(815301076,1909f56bfc062723c751e8b465ee728b)  -> (artifact id: 'b136f37815ed3f2f79c9b50f7163a71d') in 0.042958 seconds 
  Import took 0.047507 seconds .

========================================================================
Received Import Request.
  Time since last request: 0.000308 seconds.
  path: Assets/Texturas/fugaNombre.png
  artifactKey: Guid(27a93a90e0904604b815d2a90f787b55) Importer(815301076,1909f56bfc062723c751e8b465ee728b)
Start importing Assets/Texturas/fugaNombre.png using Guid(27a93a90e0904604b815d2a90f787b55) Importer(815301076,1909f56bfc062723c751e8b465ee728b)  -> (artifact id: 'e0750d59291a99226e1035a489ac36c4') in 0.036906 seconds 
  Import took 0.043498 seconds .

========================================================================
Received Import Request.
  Time since last request: 0.000843 seconds.
  path: Assets/Texturas/florero.png
  artifactKey: Guid(c927b28126696e343870adf676a0fcca) Importer(815301076,1909f56bfc062723c751e8b465ee728b)
Start importing Assets/Texturas/florero.png using Guid(c927b28126696e343870adf676a0fcca) Importer(815301076,1909f56bfc062723c751e8b465ee728b)  -> (artifact id: '3c01abd85c81e6ffabac4bc166f7d03e') in 0.042057 seconds 
  Import took 0.051566 seconds .

========================================================================
Received Import Request.
  Time since last request: 0.000255 seconds.
  path: Assets/Texturas/escenario.png
  artifactKey: Guid(c98cbf592095f7a41943c7f77f11c9a7) Importer(815301076,1909f56bfc062723c751e8b465ee728b)
Start importing Assets/Texturas/escenario.png using Guid(c98cbf592095f7a41943c7f77f11c9a7) Importer(815301076,1909f56bfc062723c751e8b465ee728b)  -> (artifact id: 'b0d3beb7cd8e81499738a7fbb3259d68') in 0.099355 seconds 
  Import took 0.102640 seconds .

========================================================================
Received Import Request.
  Time since last request: 0.000280 seconds.
  path: Assets/Texturas/intro1.1.png
  artifactKey: Guid(7d96c551e80c94d499e0a57bdfa63e0c) Importer(815301076,1909f56bfc062723c751e8b465ee728b)
Start importing Assets/Texturas/intro1.1.png using Guid(7d96c551e80c94d499e0a57bdfa63e0c) Importer(815301076,1909f56bfc062723c751e8b465ee728b)  -> (artifact id: 'c61ac0e84699ddcacb6d0359eacaed30') in 0.084119 seconds 
  Import took 0.132402 seconds .

========================================================================
Received Import Request.
  Time since last request: 0.000300 seconds.
  path: Assets/Texturas/ratonera4.png
  artifactKey: Guid(1db7c0a79c61a954aaf9a079a767c86e) Importer(815301076,1909f56bfc062723c751e8b465ee728b)
Start importing Assets/Texturas/ratonera4.png using Guid(1db7c0a79c61a954aaf9a079a767c86e) Importer(815301076,1909f56bfc062723c751e8b465ee728b)  -> (artifact id: 'a814776b8a5dbca83595b06135e93b4e') in 0.441898 seconds 
  Import took 0.447497 seconds .

========================================================================
Received Import Request.
  Time since last request: 0.000254 seconds.
  path: Assets/Texturas/Portada1.png
  artifactKey: Guid(078811701f064fe4a85e5eb31c5c014f) Importer(815301076,1909f56bfc062723c751e8b465ee728b)
Start importing Assets/Texturas/Portada1.png using Guid(078811701f064fe4a85e5eb31c5c014f) Importer(815301076,1909f56bfc062723c751e8b465ee728b)  -> (artifact id: '367eabe124421f5a9e724009e38a7758') in 0.041216 seconds 
  Import took 0.047122 seconds .

========================================================================
Received Import Request.
  Time since last request: 0.000579 seconds.
  path: Assets/Texturas/ventana.png
  artifactKey: Guid(d7a86d61b6a4bdd43a43be81e1384f5b) Importer(815301076,1909f56bfc062723c751e8b465ee728b)
Start importing Assets/Texturas/ventana.png using Guid(d7a86d61b6a4bdd43a43be81e1384f5b) Importer(815301076,1909f56bfc062723c751e8b465ee728b)  -> (artifact id: '3d4ed1fc805906a9efdba811f076686b') in 0.034752 seconds 
  Import took 0.040061 seconds .

========================================================================
Received Import Request.
  Time since last request: 0.000278 seconds.
  path: Assets/Texturas/ratónNombre.png
  artifactKey: Guid(8dcb04b41dc01424d8bdb55b2a68bdb3) Importer(815301076,1909f56bfc062723c751e8b465ee728b)
Start importing Assets/Texturas/ratónNombre.png using Guid(8dcb04b41dc01424d8bdb55b2a68bdb3) Importer(815301076,1909f56bfc062723c751e8b465ee728b)  -> (artifact id: '35240e257d7505547423c68353f80157') in 0.050749 seconds 
  Import took 0.055808 seconds .

========================================================================
Received Import Request.
  Time since last request: 0.000315 seconds.
  path: Assets/Texturas/fondo.png
  artifactKey: Guid(b86eae7cd5a7748468062b3ca58b4b22) Importer(815301076,1909f56bfc062723c751e8b465ee728b)
Start importing Assets/Texturas/fondo.png using Guid(b86eae7cd5a7748468062b3ca58b4b22) Importer(815301076,1909f56bfc062723c751e8b465ee728b)  -> (artifact id: '95a8885f4df1ad9feb2138bd18680c10') in 0.048299 seconds 
  Import took 0.055620 seconds .

========================================================================
Received Import Request.
  Time since last request: 0.000501 seconds.
  path: Assets/Texturas/ratonera1.png
  artifactKey: Guid(011f9de886af4ca478f5c07ea64be35e) Importer(815301076,1909f56bfc062723c751e8b465ee728b)
Start importing Assets/Texturas/ratonera1.png using Guid(011f9de886af4ca478f5c07ea64be35e) Importer(815301076,1909f56bfc062723c751e8b465ee728b)  -> (artifact id: '75838896d4f01dfcf59887cf3f2fbde0') in 0.051487 seconds 
  Import took 0.058709 seconds .

========================================================================
Received Import Request.
  Time since last request: 0.000396 seconds.
  path: Assets/Texturas/ratonera3.png
  artifactKey: Guid(b48a31b25523031409e6f00051479e19) Importer(815301076,1909f56bfc062723c751e8b465ee728b)
Start importing Assets/Texturas/ratonera3.png using Guid(b48a31b25523031409e6f00051479e19) Importer(815301076,1909f56bfc062723c751e8b465ee728b)  -> (artifact id: 'b4f6b9c9e82d434540239d8fce93b6ce') in 0.059824 seconds 
  Import took 0.065589 seconds .

========================================================================
Received Import Request.
  Time since last request: 0.000359 seconds.
  path: Assets/Texturas/introText.png
  artifactKey: Guid(72e5347ae511edd42bf9ba70f81ec751) Importer(815301076,1909f56bfc062723c751e8b465ee728b)
Start importing Assets/Texturas/introText.png using Guid(72e5347ae511edd42bf9ba70f81ec751) Importer(815301076,1909f56bfc062723c751e8b465ee728b)  -> (artifact id: 'e2f5d521c03958701351a8ab03bfd70b') in 0.050715 seconds 
  Import took 0.055523 seconds .

========================================================================
Received Import Request.
  Time since last request: 0.000355 seconds.
  path: Assets/Texturas/RATONOVER.png
  artifactKey: Guid(04ab0f40b155eb5488491e27de896ba1) Importer(815301076,1909f56bfc062723c751e8b465ee728b)
Start importing Assets/Texturas/RATONOVER.png using Guid(04ab0f40b155eb5488491e27de896ba1) Importer(815301076,1909f56bfc062723c751e8b465ee728b)  -> (artifact id: 'e3385af5e7d9ab26c77b896357fa3a7b') in 0.051883 seconds 
  Import took 0.055500 seconds .

========================================================================
Received Import Request.
  Time since last request: 0.000306 seconds.
  path: Assets/Texturas/ratonera7.png
  artifactKey: Guid(6e7825c73931d8a4f87a025061fbfb67) Importer(815301076,1909f56bfc062723c751e8b465ee728b)
Start importing Assets/Texturas/ratonera7.png using Guid(6e7825c73931d8a4f87a025061fbfb67) Importer(815301076,1909f56bfc062723c751e8b465ee728b)  -> (artifact id: '05424f3489fec27d8c96130d053e91b4') in 0.077350 seconds 
  Import took 0.084352 seconds .

========================================================================
Received Import Request.
  Time since last request: 0.000412 seconds.
  path: Assets/Texturas/juego.png
  artifactKey: Guid(599197e0e41947b4494ad6f9a9b59180) Importer(815301076,1909f56bfc062723c751e8b465ee728b)
Start importing Assets/Texturas/juego.png using Guid(599197e0e41947b4494ad6f9a9b59180) Importer(815301076,1909f56bfc062723c751e8b465ee728b)  -> (artifact id: '27c48dde90b83cd71c75c1d775df205e') in 0.031044 seconds 
  Import took 0.037528 seconds .

========================================================================
Received Import Request.
  Time since last request: 0.000491 seconds.
  path: Assets/Texturas/ratonera6.png
  artifactKey: Guid(c48999a99d35d6347a676e1b9a276613) Importer(815301076,1909f56bfc062723c751e8b465ee728b)
Start importing Assets/Texturas/ratonera6.png using Guid(c48999a99d35d6347a676e1b9a276613) Importer(815301076,1909f56bfc062723c751e8b465ee728b)  -> (artifact id: '4151cf4c416dfb9563d0a1807a66ac58') in 0.064257 seconds 
  Import took 0.071675 seconds .

========================================================================
Received Import Request.
  Time since last request: 0.000243 seconds.
  path: Assets/Texturas/finDel.png
  artifactKey: Guid(39d352f8e79f687408d656a5f0b5930a) Importer(815301076,1909f56bfc062723c751e8b465ee728b)
Start importing Assets/Texturas/finDel.png using Guid(39d352f8e79f687408d656a5f0b5930a) Importer(815301076,1909f56bfc062723c751e8b465ee728b)  -> (artifact id: 'fc9436920a98a0523fb52e0e823e5c8a') in 0.032751 seconds 
  Import took 0.037520 seconds .

========================================================================
Received Import Request.
  Time since last request: 0.000594 seconds.
  path: Assets/Texturas/suelo.png
  artifactKey: Guid(07e09833b98712c4c9714e094ff89aec) Importer(815301076,1909f56bfc062723c751e8b465ee728b)
Start importing Assets/Texturas/suelo.png using Guid(07e09833b98712c4c9714e094ff89aec) Importer(815301076,1909f56bfc062723c751e8b465ee728b)  -> (artifact id: '0e817444a8edadac82660605fc48fd4d') in 0.031236 seconds 
  Import took 0.038959 seconds .

========================================================================
Received Import Request.
  Time since last request: 0.000312 seconds.
  path: Assets/Texturas/ratonera5.png
  artifactKey: Guid(c71d44a5c38387e408b1164be179ffdc) Importer(815301076,1909f56bfc062723c751e8b465ee728b)
Start importing Assets/Texturas/ratonera5.png using Guid(c71d44a5c38387e408b1164be179ffdc) Importer(815301076,1909f56bfc062723c751e8b465ee728b)  -> (artifact id: 'eb5ae8a4dcd2569dabad7e3dfd6efbbf') in 0.047845 seconds 
  Import took 0.054412 seconds .

========================================================================
Received Import Request.
  Time since last request: 0.000372 seconds.
  path: Assets/Texturas/flecha.png
  artifactKey: Guid(4ac45ae0b32460d46bf99e0bbe904f4e) Importer(815301076,1909f56bfc062723c751e8b465ee728b)
Start importing Assets/Texturas/flecha.png using Guid(4ac45ae0b32460d46bf99e0bbe904f4e) Importer(815301076,1909f56bfc062723c751e8b465ee728b)  -> (artifact id: '5cc01475e350bd9d65df7abef2567d3c') in 0.074272 seconds 
  Import took 0.080031 seconds .

========================================================================
Received Import Request.
  Time since last request: 0.000309 seconds.
  path: Assets/Texturas/OVER.png
  artifactKey: Guid(f0e590a93f9b762479bfae69aa68be7f) Importer(815301076,1909f56bfc062723c751e8b465ee728b)
Start importing Assets/Texturas/OVER.png using Guid(f0e590a93f9b762479bfae69aa68be7f) Importer(815301076,1909f56bfc062723c751e8b465ee728b)  -> (artifact id: '42a232ebc456ff9ea37bdbffba865d18') in 0.050603 seconds 
  Import took 0.055921 seconds .

========================================================================
Received Import Request.
  Time since last request: 0.000302 seconds.
  path: Assets/Texturas/ratonera2.png
  artifactKey: Guid(7ed2909cccd174d42ad581bfc56cadc3) Importer(815301076,1909f56bfc062723c751e8b465ee728b)
Start importing Assets/Texturas/ratonera2.png using Guid(7ed2909cccd174d42ad581bfc56cadc3) Importer(815301076,1909f56bfc062723c751e8b465ee728b)  -> (artifact id: 'e9da321482d7b1e5f772a5156ef7cf95') in 0.062256 seconds 
  Import took 0.068372 seconds .

========================================================================
Received Import Request.
  Time since last request: 0.000412 seconds.
  path: Assets/Texturas/GAME.png
  artifactKey: Guid(b394428fa857239408ee4c60c3f27d6a) Importer(815301076,1909f56bfc062723c751e8b465ee728b)
Start importing Assets/Texturas/GAME.png using Guid(b394428fa857239408ee4c60c3f27d6a) Importer(815301076,1909f56bfc062723c751e8b465ee728b)  -> (artifact id: '795a6e7b25a25101e851881dfce84e76') in 0.059980 seconds 
  Import took 0.065685 seconds .

========================================================================
Received Import Request.
  Time since last request: 0.000396 seconds.
  path: Assets/Texturas/trampa.png
  artifactKey: Guid(2462978f56c00a34e84dbaed2a4f5599) Importer(815301076,1909f56bfc062723c751e8b465ee728b)
Start importing Assets/Texturas/trampa.png using Guid(2462978f56c00a34e84dbaed2a4f5599) Importer(815301076,1909f56bfc062723c751e8b465ee728b)  -> (artifact id: '24f0f2ae4e70d2ecf3c81123f3570cac') in 0.037234 seconds 
  Import took 0.044195 seconds .

========================================================================
Received Import Request.
  Time since last request: 0.000587 seconds.
  path: Assets/Texturas/textIntro2.png
  artifactKey: Guid(f374858cb425b9d478f0e75904e06cc1) Importer(815301076,1909f56bfc062723c751e8b465ee728b)
Start importing Assets/Texturas/textIntro2.png using Guid(f374858cb425b9d478f0e75904e06cc1) Importer(815301076,1909f56bfc062723c751e8b465ee728b)  -> (artifact id: 'aaf107decf75dd7c9665a9630ed58ec8') in 0.040440 seconds 
  Import took 0.046898 seconds .

========================================================================
Received Import Request.
  Time since last request: 1326.033963 seconds.
  path: Assets/Texturas/CLICK.png
  artifactKey: Guid(1143dd2a2e36ec94aa207a8e16d2c4ac) Importer(815301076,1909f56bfc062723c751e8b465ee728b)
Start importing Assets/Texturas/CLICK.png using Guid(1143dd2a2e36ec94aa207a8e16d2c4ac) Importer(815301076,1909f56bfc062723c751e8b465ee728b)  -> (artifact id: 'e794787e977c612b859eb1001e26cfa8') in 0.047708 seconds 
  Import took 0.055774 seconds .

========================================================================
Received Import Request.
  Time since last request: 543.267462 seconds.
  path: Assets/Texturas/save him.png
  artifactKey: Guid(4f3ccc7237a17584b850f4febf82e2ab) Importer(815301076,1909f56bfc062723c751e8b465ee728b)
Start importing Assets/Texturas/save him.png using Guid(4f3ccc7237a17584b850f4febf82e2ab) Importer(815301076,1909f56bfc062723c751e8b465ee728b)  -> (artifact id: '62e05621ad2594ca247bdbd9d4d1ebdc') in 0.038203 seconds 
  Import took 0.043951 seconds .

========================================================================
Received Import Request.
  Time since last request: 193.179802 seconds.
  path: Assets/escenas/inicio.unity
  artifactKey: Guid(bb244ce63b5dbff4782512db427c9241) Importer(815301076,1909f56bfc062723c751e8b465ee728b)
Start importing Assets/escenas/inicio.unity using Guid(bb244ce63b5dbff4782512db427c9241) Importer(815301076,1909f56bfc062723c751e8b465ee728b)  -> (artifact id: 'cd78f565e8351f742304621b9ed50c81') in 0.013820 seconds 
  Import took 0.021204 seconds .

========================================================================
Received Prepare
Registering precompiled user dll's ...
Registered in 0.016350 seconds.
Begin MonoManager ReloadAssembly
Native extension for WindowsStandalone target not found
Native extension for WebGL target not found
Refreshing native plugins compatible for Editor in 0.57 ms, found 2 plugins.
Preloading 0 native plugins for Editor in 0.00 ms.
Mono: successfully reloaded assembly
- Completed reload, in  1.566 seconds
Domain Reload Profiling:
	ReloadAssembly (1568ms)
		BeginReloadAssembly (198ms)
			ExecutionOrderSort (0ms)
			DisableScriptedObjects (7ms)
			BackupInstance (0ms)
			ReleaseScriptingObjects (0ms)
			CreateAndSetChildDomain (54ms)
		EndReloadAssembly (1270ms)
			LoadAssemblies (167ms)
			RebuildTransferFunctionScriptingTraits (0ms)
			SetupTypeCache (431ms)
			ReleaseScriptCaches (1ms)
			RebuildScriptCaches (74ms)
			SetupLoadedEditorAssemblies (452ms)
				LogAssemblyErrors (0ms)
				InitializePlatformSupportModulesInManaged (9ms)
				SetLoadedEditorAssemblies (1ms)
				RefreshPlugins (1ms)
				BeforeProcessingInitializeOnLoad (91ms)
				ProcessInitializeOnLoadAttributes (314ms)
				ProcessInitializeOnLoadMethodAttributes (21ms)
				AfterProcessingInitializeOnLoad (16ms)
				EditorAssembliesLoaded (0ms)
			ExecutionOrderSort2 (0ms)
			AwakeInstancesAfterBackupRestoration (15ms)
Platform modules already initialized, skipping
Refreshing native plugins compatible for Editor in 0.78 ms, found 2 plugins.
Preloading 0 native plugins for Editor in 0.00 ms.
Unloading 1512 Unused Serialized files (Serialized files now loaded: 0)
System memory in use before: 72.4 MB.
System memory in use after: 72.5 MB.

Unloading 14 unused Assets to reduce memory usage. Loaded Objects now: 2051.
Total: 4.307300 ms (FindLiveObjects: 0.187000 ms CreateObjectMapping: 0.082800 ms MarkObjects: 4.006000 ms  DeleteObjects: 0.029700 ms)

AssetImportParameters requested are different than current active one (requested -> active):
  custom:framework-win-MediaFoundation: 216162199b28c13a410421893ffa2e32 -> 
  custom:video-decoder-ogg-theora: a1e56fd34408186e4bbccfd4996cb3dc -> 
  custom:container-muxer-webm: aa71ff27fc2769a1b78a27578f13a17b -> 
  custom:container-demuxer-webm: 4f35f7cbe854078d1ac9338744f61a02 -> 
  custom:container-demuxer-ogg: 62fdf1f143b41e24485cea50d1cbac27 -> 
  custom:video-encoder-webm-vp8: eb34c28f22e8b96e1ab97ce403110664 -> 
  custom:video-decoder-webm-vp8: 9c59270c3fd7afecdb556c50c9e8de78 -> 
  custom:audio-decoder-ogg-vorbis: bf7c407c2cedff20999df2af8eb42d56 -> 
  custom:audio-encoder-webm-vorbis: bf7c407c2cedff20999df2af8eb42d56 -> 
========================================================================
Received Import Request.
  Time since last request: 103.195564 seconds.
  path: Assets/Scripts/Pause.cs
  artifactKey: Guid(5abb0239ba863814b84c16da8cf35196) Importer(815301076,1909f56bfc062723c751e8b465ee728b)
Start importing Assets/Scripts/Pause.cs using Guid(5abb0239ba863814b84c16da8cf35196) Importer(815301076,1909f56bfc062723c751e8b465ee728b)  -> (artifact id: 'aa9e90545a740c4dbe9750e66a355385') in 0.019438 seconds 
  Import took 0.023664 seconds .

========================================================================
Received Prepare
Registering precompiled user dll's ...
Registered in 0.007750 seconds.
Begin MonoManager ReloadAssembly
Native extension for WindowsStandalone target not found
Native extension for WebGL target not found
Refreshing native plugins compatible for Editor in 0.52 ms, found 2 plugins.
Preloading 0 native plugins for Editor in 0.00 ms.
Mono: successfully reloaded assembly
- Completed reload, in  1.669 seconds
Domain Reload Profiling:
	ReloadAssembly (1670ms)
		BeginReloadAssembly (188ms)
			ExecutionOrderSort (0ms)
			DisableScriptedObjects (7ms)
			BackupInstance (0ms)
			ReleaseScriptingObjects (0ms)
			CreateAndSetChildDomain (46ms)
		EndReloadAssembly (1371ms)
			LoadAssemblies (167ms)
			RebuildTransferFunctionScriptingTraits (0ms)
			SetupTypeCache (489ms)
			ReleaseScriptCaches (1ms)
			RebuildScriptCaches (114ms)
			SetupLoadedEditorAssemblies (428ms)
				LogAssemblyErrors (0ms)
				InitializePlatformSupportModulesInManaged (9ms)
				SetLoadedEditorAssemblies (1ms)
				RefreshPlugins (1ms)
				BeforeProcessingInitializeOnLoad (84ms)
				ProcessInitializeOnLoadAttributes (308ms)
				ProcessInitializeOnLoadMethodAttributes (14ms)
				AfterProcessingInitializeOnLoad (11ms)
				EditorAssembliesLoaded (0ms)
			ExecutionOrderSort2 (0ms)
			AwakeInstancesAfterBackupRestoration (11ms)
Platform modules already initialized, skipping
Refreshing native plugins compatible for Editor in 0.53 ms, found 2 plugins.
Preloading 0 native plugins for Editor in 0.00 ms.
Unloading 1512 Unused Serialized files (Serialized files now loaded: 0)
System memory in use before: 72.4 MB.
System memory in use after: 72.5 MB.

Unloading 14 unused Assets to reduce memory usage. Loaded Objects now: 2053.
Total: 3.970400 ms (FindLiveObjects: 0.162100 ms CreateObjectMapping: 0.066900 ms MarkObjects: 3.713800 ms  DeleteObjects: 0.025700 ms)

AssetImportParameters requested are different than current active one (requested -> active):
  custom:framework-win-MediaFoundation: 216162199b28c13a410421893ffa2e32 -> 
  custom:video-decoder-ogg-theora: a1e56fd34408186e4bbccfd4996cb3dc -> 
  custom:container-muxer-webm: aa71ff27fc2769a1b78a27578f13a17b -> 
  custom:container-demuxer-webm: 4f35f7cbe854078d1ac9338744f61a02 -> 
  custom:container-demuxer-ogg: 62fdf1f143b41e24485cea50d1cbac27 -> 
  custom:video-encoder-webm-vp8: eb34c28f22e8b96e1ab97ce403110664 -> 
  custom:video-decoder-webm-vp8: 9c59270c3fd7afecdb556c50c9e8de78 -> 
  custom:audio-decoder-ogg-vorbis: bf7c407c2cedff20999df2af8eb42d56 -> 
  custom:audio-encoder-webm-vorbis: bf7c407c2cedff20999df2af8eb42d56 -> 
========================================================================
Received Import Request.
  Time since last request: 101.762287 seconds.
  path: Assets/Scripts/GameOver.cs
  artifactKey: Guid(a0d130edc0447454faf34213eb36cb5d) Importer(815301076,1909f56bfc062723c751e8b465ee728b)
Start importing Assets/Scripts/GameOver.cs using Guid(a0d130edc0447454faf34213eb36cb5d) Importer(815301076,1909f56bfc062723c751e8b465ee728b)  -> (artifact id: 'fa0cdb1cf598401506b0e0bcbf756372') in 0.014934 seconds 
  Import took 0.021628 seconds .

========================================================================
Received Prepare
Registering precompiled user dll's ...
Registered in 0.007280 seconds.
Begin MonoManager ReloadAssembly
Native extension for WindowsStandalone target not found
Native extension for WebGL target not found
Refreshing native plugins compatible for Editor in 0.53 ms, found 2 plugins.
Preloading 0 native plugins for Editor in 0.00 ms.
Mono: successfully reloaded assembly
- Completed reload, in  1.832 seconds
Domain Reload Profiling:
	ReloadAssembly (1833ms)
		BeginReloadAssembly (240ms)
			ExecutionOrderSort (0ms)
			DisableScriptedObjects (21ms)
			BackupInstance (0ms)
			ReleaseScriptingObjects (0ms)
			CreateAndSetChildDomain (50ms)
		EndReloadAssembly (1454ms)
			LoadAssemblies (231ms)
			RebuildTransferFunctionScriptingTraits (0ms)
			SetupTypeCache (417ms)
			ReleaseScriptCaches (1ms)
			RebuildScriptCaches (80ms)
			SetupLoadedEditorAssemblies (630ms)
				LogAssemblyErrors (0ms)
				InitializePlatformSupportModulesInManaged (8ms)
				SetLoadedEditorAssemblies (1ms)
				RefreshPlugins (1ms)
				BeforeProcessingInitializeOnLoad (101ms)
				ProcessInitializeOnLoadAttributes (494ms)
				ProcessInitializeOnLoadMethodAttributes (14ms)
				AfterProcessingInitializeOnLoad (11ms)
				EditorAssembliesLoaded (0ms)
			ExecutionOrderSort2 (0ms)
			AwakeInstancesAfterBackupRestoration (11ms)
Platform modules already initialized, skipping
Refreshing native plugins compatible for Editor in 0.51 ms, found 2 plugins.
Preloading 0 native plugins for Editor in 0.00 ms.
Unloading 1512 Unused Serialized files (Serialized files now loaded: 0)
System memory in use before: 72.4 MB.
System memory in use after: 72.5 MB.

Unloading 14 unused Assets to reduce memory usage. Loaded Objects now: 2055.
Total: 3.690200 ms (FindLiveObjects: 0.171000 ms CreateObjectMapping: 0.068800 ms MarkObjects: 3.424200 ms  DeleteObjects: 0.024600 ms)

AssetImportParameters requested are different than current active one (requested -> active):
  custom:framework-win-MediaFoundation: 216162199b28c13a410421893ffa2e32 -> 
  custom:video-decoder-ogg-theora: a1e56fd34408186e4bbccfd4996cb3dc -> 
  custom:container-muxer-webm: aa71ff27fc2769a1b78a27578f13a17b -> 
  custom:container-demuxer-webm: 4f35f7cbe854078d1ac9338744f61a02 -> 
  custom:container-demuxer-ogg: 62fdf1f143b41e24485cea50d1cbac27 -> 
  custom:video-encoder-webm-vp8: eb34c28f22e8b96e1ab97ce403110664 -> 
  custom:video-decoder-webm-vp8: 9c59270c3fd7afecdb556c50c9e8de78 -> 
  custom:audio-decoder-ogg-vorbis: bf7c407c2cedff20999df2af8eb42d56 -> 
  custom:audio-encoder-webm-vorbis: bf7c407c2cedff20999df2af8eb42d56 -> 
========================================================================
Received Import Request.
  Time since last request: 49.321998 seconds.
  path: Assets/Scripts/GameOver.cs
  artifactKey: Guid(a0d130edc0447454faf34213eb36cb5d) Importer(815301076,1909f56bfc062723c751e8b465ee728b)
Start importing Assets/Scripts/GameOver.cs using Guid(a0d130edc0447454faf34213eb36cb5d) Importer(815301076,1909f56bfc062723c751e8b465ee728b)  -> (artifact id: '2bda9e4a64d46af47144fd86616f8992') in 0.006975 seconds 
  Import took 0.014956 seconds .

========================================================================
Received Import Request.
  Time since last request: 0.084943 seconds.
  path: Assets/Scripts/verScore.cs
  artifactKey: Guid(32380e71b8ecafb46baed5ac1d130c48) Importer(815301076,1909f56bfc062723c751e8b465ee728b)
Start importing Assets/Scripts/verScore.cs using Guid(32380e71b8ecafb46baed5ac1d130c48) Importer(815301076,1909f56bfc062723c751e8b465ee728b)  -> (artifact id: 'e7117f2c710ab3e2e494887ce34175c0') in 0.010615 seconds 
  Import took 0.020813 seconds .

========================================================================
Received Prepare
Registering precompiled user dll's ...
Registered in 0.006961 seconds.
Begin MonoManager ReloadAssembly
Native extension for WindowsStandalone target not found
Native extension for WebGL target not found
Refreshing native plugins compatible for Editor in 0.55 ms, found 2 plugins.
Preloading 0 native plugins for Editor in 0.00 ms.
Mono: successfully reloaded assembly
- Completed reload, in  1.735 seconds
Domain Reload Profiling:
	ReloadAssembly (1736ms)
		BeginReloadAssembly (222ms)
			ExecutionOrderSort (0ms)
			DisableScriptedObjects (8ms)
			BackupInstance (0ms)
			ReleaseScriptingObjects (0ms)
			CreateAndSetChildDomain (58ms)
		EndReloadAssembly (1369ms)
			LoadAssemblies (212ms)
			RebuildTransferFunctionScriptingTraits (0ms)
			SetupTypeCache (405ms)
			ReleaseScriptCaches (1ms)
			RebuildScriptCaches (69ms)
			SetupLoadedEditorAssemblies (548ms)
				LogAssemblyErrors (0ms)
				InitializePlatformSupportModulesInManaged (11ms)
				SetLoadedEditorAssemblies (1ms)
				RefreshPlugins (1ms)
				BeforeProcessingInitializeOnLoad (96ms)
				ProcessInitializeOnLoadAttributes (401ms)
				ProcessInitializeOnLoadMethodAttributes (21ms)
				AfterProcessingInitializeOnLoad (17ms)
				EditorAssembliesLoaded (1ms)
			ExecutionOrderSort2 (0ms)
			AwakeInstancesAfterBackupRestoration (17ms)
Platform modules already initialized, skipping
Refreshing native plugins compatible for Editor in 0.52 ms, found 2 plugins.
Preloading 0 native plugins for Editor in 0.00 ms.
Unloading 1512 Unused Serialized files (Serialized files now loaded: 0)
System memory in use before: 72.4 MB.
System memory in use after: 72.5 MB.

Unloading 14 unused Assets to reduce memory usage. Loaded Objects now: 2057.
Total: 3.590800 ms (FindLiveObjects: 0.162300 ms CreateObjectMapping: 0.068100 ms MarkObjects: 3.334500 ms  DeleteObjects: 0.024300 ms)

AssetImportParameters requested are different than current active one (requested -> active):
  custom:framework-win-MediaFoundation: 216162199b28c13a410421893ffa2e32 -> 
  custom:video-decoder-ogg-theora: a1e56fd34408186e4bbccfd4996cb3dc -> 
  custom:container-muxer-webm: aa71ff27fc2769a1b78a27578f13a17b -> 
  custom:container-demuxer-webm: 4f35f7cbe854078d1ac9338744f61a02 -> 
  custom:container-demuxer-ogg: 62fdf1f143b41e24485cea50d1cbac27 -> 
  custom:video-encoder-webm-vp8: eb34c28f22e8b96e1ab97ce403110664 -> 
  custom:video-decoder-webm-vp8: 9c59270c3fd7afecdb556c50c9e8de78 -> 
  custom:audio-decoder-ogg-vorbis: bf7c407c2cedff20999df2af8eb42d56 -> 
  custom:audio-encoder-webm-vorbis: bf7c407c2cedff20999df2af8eb42d56 -> 
========================================================================
Received Import Request.
  Time since last request: 119.751966 seconds.
  path: Assets/Scripts/verScore.cs
  artifactKey: Guid(32380e71b8ecafb46baed5ac1d130c48) Importer(815301076,1909f56bfc062723c751e8b465ee728b)
Start importing Assets/Scripts/verScore.cs using Guid(32380e71b8ecafb46baed5ac1d130c48) Importer(815301076,1909f56bfc062723c751e8b465ee728b)  -> (artifact id: 'badfc2de8953ed25919e88310756a8e3') in 0.007642 seconds 
  Import took 0.010944 seconds .

========================================================================
Received Import Request.
  Time since last request: 4.319472 seconds.
  path: Assets/Scripts/Score.cs
  artifactKey: Guid(f4902bf81817bf1478e9ff51489bf1ba) Importer(815301076,1909f56bfc062723c751e8b465ee728b)
Start importing Assets/Scripts/Score.cs using Guid(f4902bf81817bf1478e9ff51489bf1ba) Importer(815301076,1909f56bfc062723c751e8b465ee728b)  -> (artifact id: '1883b15cb28baeb4aa2fee637b094e7b') in 0.010253 seconds 
  Import took 0.017365 seconds .

========================================================================
Received Import Request.
  Time since last request: 69.627791 seconds.
  path: Assets/Scripts/IdeLugar.cs
  artifactKey: Guid(d40fa11d26a606845b8e6f83184d82f4) Importer(815301076,1909f56bfc062723c751e8b465ee728b)
Start importing Assets/Scripts/IdeLugar.cs using Guid(d40fa11d26a606845b8e6f83184d82f4) Importer(815301076,1909f56bfc062723c751e8b465ee728b)  -> (artifact id: '3b78a59f8d72416078d0b129818e37a7') in 0.014452 seconds 
  Import took 0.018400 seconds .

========================================================================
Received Import Request.
  Time since last request: 16.225806 seconds.
  path: Assets/Scripts/Pause.cs
  artifactKey: Guid(5abb0239ba863814b84c16da8cf35196) Importer(815301076,1909f56bfc062723c751e8b465ee728b)
Start importing Assets/Scripts/Pause.cs using Guid(5abb0239ba863814b84c16da8cf35196) Importer(815301076,1909f56bfc062723c751e8b465ee728b)  -> (artifact id: 'a5c9f9cce9d51942435000dd7135e926') in 0.006021 seconds 
  Import took 0.010838 seconds .

========================================================================
Received Import Request.
  Time since last request: 28.978686 seconds.
  path: Assets/Scripts/Preferencias.cs
  artifactKey: Guid(ce82bf450fe065d4cb91a2900da66db6) Importer(815301076,1909f56bfc062723c751e8b465ee728b)
Start importing Assets/Scripts/Preferencias.cs using Guid(ce82bf450fe065d4cb91a2900da66db6) Importer(815301076,1909f56bfc062723c751e8b465ee728b)  -> (artifact id: 'f8085c21b4e0399d1485a6dc3df7a028') in 0.012182 seconds 
  Import took 0.018291 seconds .

========================================================================
Received Import Request.
  Time since last request: 4.251632 seconds.
  path: Assets/Scripts/Intro1.cs
  artifactKey: Guid(f7f0898608489954097ea8a340c6cd84) Importer(815301076,1909f56bfc062723c751e8b465ee728b)
Start importing Assets/Scripts/Intro1.cs using Guid(f7f0898608489954097ea8a340c6cd84) Importer(815301076,1909f56bfc062723c751e8b465ee728b)  -> (artifact id: '000f0ab5b9e0bcb1744a8328bd5b4e4d') in 0.018505 seconds 
  Import took 0.033949 seconds .

========================================================================
Received Prepare
Registering precompiled user dll's ...
Registered in 0.008242 seconds.
Begin MonoManager ReloadAssembly
Native extension for WindowsStandalone target not found
Native extension for WebGL target not found
Refreshing native plugins compatible for Editor in 0.76 ms, found 2 plugins.
Preloading 0 native plugins for Editor in 0.00 ms.
Mono: successfully reloaded assembly
- Completed reload, in  1.728 seconds
Domain Reload Profiling:
	ReloadAssembly (1729ms)
		BeginReloadAssembly (195ms)
			ExecutionOrderSort (0ms)
			DisableScriptedObjects (11ms)
			BackupInstance (0ms)
			ReleaseScriptingObjects (0ms)
			CreateAndSetChildDomain (50ms)
		EndReloadAssembly (1416ms)
			LoadAssemblies (177ms)
			RebuildTransferFunctionScriptingTraits (0ms)
			SetupTypeCache (491ms)
			ReleaseScriptCaches (2ms)
			RebuildScriptCaches (88ms)
			SetupLoadedEditorAssemblies (494ms)
				LogAssemblyErrors (0ms)
				InitializePlatformSupportModulesInManaged (14ms)
				SetLoadedEditorAssemblies (1ms)
				RefreshPlugins (1ms)
				BeforeProcessingInitializeOnLoad (106ms)
				ProcessInitializeOnLoadAttributes (341ms)
				ProcessInitializeOnLoadMethodAttributes (16ms)
				AfterProcessingInitializeOnLoad (15ms)
				EditorAssembliesLoaded (0ms)
			ExecutionOrderSort2 (0ms)
			AwakeInstancesAfterBackupRestoration (11ms)
Platform modules already initialized, skipping
Refreshing native plugins compatible for Editor in 1.21 ms, found 2 plugins.
Preloading 0 native plugins for Editor in 0.00 ms.
Unloading 1512 Unused Serialized files (Serialized files now loaded: 0)
System memory in use before: 72.4 MB.
System memory in use after: 72.5 MB.

Unloading 14 unused Assets to reduce memory usage. Loaded Objects now: 2059.
Total: 5.240600 ms (FindLiveObjects: 0.272600 ms CreateObjectMapping: 0.096900 ms MarkObjects: 4.823900 ms  DeleteObjects: 0.044600 ms)

AssetImportParameters requested are different than current active one (requested -> active):
  custom:framework-win-MediaFoundation: 216162199b28c13a410421893ffa2e32 -> 
  custom:video-decoder-ogg-theora: a1e56fd34408186e4bbccfd4996cb3dc -> 
  custom:container-muxer-webm: aa71ff27fc2769a1b78a27578f13a17b -> 
  custom:container-demuxer-webm: 4f35f7cbe854078d1ac9338744f61a02 -> 
  custom:container-demuxer-ogg: 62fdf1f143b41e24485cea50d1cbac27 -> 
  custom:video-encoder-webm-vp8: eb34c28f22e8b96e1ab97ce403110664 -> 
  custom:video-decoder-webm-vp8: 9c59270c3fd7afecdb556c50c9e8de78 -> 
  custom:audio-decoder-ogg-vorbis: bf7c407c2cedff20999df2af8eb42d56 -> 
  custom:audio-encoder-webm-vorbis: bf7c407c2cedff20999df2af8eb42d56 -> 
========================================================================
Received Prepare
Registering precompiled user dll's ...
Registered in 0.008840 seconds.
Begin MonoManager ReloadAssembly
Native extension for WindowsStandalone target not found
Native extension for WebGL target not found
Refreshing native plugins compatible for Editor in 0.50 ms, found 2 plugins.
Preloading 0 native plugins for Editor in 0.00 ms.
Mono: successfully reloaded assembly
- Completed reload, in  1.613 seconds
Domain Reload Profiling:
	ReloadAssembly (1614ms)
		BeginReloadAssembly (237ms)
			ExecutionOrderSort (0ms)
			DisableScriptedObjects (22ms)
			BackupInstance (0ms)
			ReleaseScriptingObjects (0ms)
			CreateAndSetChildDomain (61ms)
		EndReloadAssembly (1276ms)
			LoadAssemblies (172ms)
			RebuildTransferFunctionScriptingTraits (0ms)
			SetupTypeCache (426ms)
			ReleaseScriptCaches (1ms)
			RebuildScriptCaches (70ms)
			SetupLoadedEditorAssemblies (477ms)
				LogAssemblyErrors (0ms)
				InitializePlatformSupportModulesInManaged (9ms)
				SetLoadedEditorAssemblies (1ms)
				RefreshPlugins (1ms)
				BeforeProcessingInitializeOnLoad (93ms)
				ProcessInitializeOnLoadAttributes (349ms)
				ProcessInitializeOnLoadMethodAttributes (14ms)
				AfterProcessingInitializeOnLoad (11ms)
				EditorAssembliesLoaded (0ms)
			ExecutionOrderSort2 (0ms)
			AwakeInstancesAfterBackupRestoration (11ms)
Platform modules already initialized, skipping
Refreshing native plugins compatible for Editor in 0.68 ms, found 2 plugins.
Preloading 0 native plugins for Editor in 0.00 ms.
Unloading 1512 Unused Serialized files (Serialized files now loaded: 0)
System memory in use before: 72.4 MB.
System memory in use after: 72.6 MB.

Unloading 14 unused Assets to reduce memory usage. Loaded Objects now: 2061.
Total: 4.053300 ms (FindLiveObjects: 0.156700 ms CreateObjectMapping: 0.064000 ms MarkObjects: 3.797000 ms  DeleteObjects: 0.033700 ms)

AssetImportParameters requested are different than current active one (requested -> active):
  custom:framework-win-MediaFoundation: 216162199b28c13a410421893ffa2e32 -> 
  custom:video-decoder-ogg-theora: a1e56fd34408186e4bbccfd4996cb3dc -> 
  custom:container-muxer-webm: aa71ff27fc2769a1b78a27578f13a17b -> 
  custom:container-demuxer-webm: 4f35f7cbe854078d1ac9338744f61a02 -> 
  custom:container-demuxer-ogg: 62fdf1f143b41e24485cea50d1cbac27 -> 
  custom:video-encoder-webm-vp8: eb34c28f22e8b96e1ab97ce403110664 -> 
  custom:video-decoder-webm-vp8: 9c59270c3fd7afecdb556c50c9e8de78 -> 
  custom:audio-decoder-ogg-vorbis: bf7c407c2cedff20999df2af8eb42d56 -> 
  custom:audio-encoder-webm-vorbis: bf7c407c2cedff20999df2af8eb42d56 -> 
========================================================================
Received Import Request.
  Time since last request: 374.188458 seconds.
  path: Assets/Skin/boton.guiskin
  artifactKey: Guid(5affaeba8c78efd4fbba5ff7c0d68092) Importer(815301076,1909f56bfc062723c751e8b465ee728b)
Start importing Assets/Skin/boton.guiskin using Guid(5affaeba8c78efd4fbba5ff7c0d68092) Importer(815301076,1909f56bfc062723c751e8b465ee728b)  -> (artifact id: '5ed118c4769bbcd28bedaa13623fb2de') in 0.037574 seconds 
  Import took 0.042359 seconds .

========================================================================
Received Prepare
Registering precompiled user dll's ...
Registered in 0.007564 seconds.
Begin MonoManager ReloadAssembly
Native extension for WindowsStandalone target not found
Native extension for WebGL target not found
Refreshing native plugins compatible for Editor in 0.54 ms, found 2 plugins.
Preloading 0 native plugins for Editor in 0.00 ms.
Mono: successfully reloaded assembly
- Completed reload, in  2.140 seconds
Domain Reload Profiling:
	ReloadAssembly (2140ms)
		BeginReloadAssembly (166ms)
			ExecutionOrderSort (0ms)
			DisableScriptedObjects (7ms)
			BackupInstance (0ms)
			ReleaseScriptingObjects (0ms)
			CreateAndSetChildDomain (40ms)
		EndReloadAssembly (1604ms)
			LoadAssemblies (205ms)
			RebuildTransferFunctionScriptingTraits (0ms)
			SetupTypeCache (440ms)
			ReleaseScriptCaches (1ms)
			RebuildScriptCaches (71ms)
			SetupLoadedEditorAssemblies (734ms)
				LogAssemblyErrors (0ms)
				InitializePlatformSupportModulesInManaged (9ms)
				SetLoadedEditorAssemblies (1ms)
				RefreshPlugins (1ms)
				BeforeProcessingInitializeOnLoad (137ms)
				ProcessInitializeOnLoadAttributes (556ms)
				ProcessInitializeOnLoadMethodAttributes (16ms)
				AfterProcessingInitializeOnLoad (14ms)
				EditorAssembliesLoaded (0ms)
			ExecutionOrderSort2 (0ms)
			AwakeInstancesAfterBackupRestoration (13ms)
Platform modules already initialized, skipping
Refreshing native plugins compatible for Editor in 0.59 ms, found 2 plugins.
Preloading 0 native plugins for Editor in 0.00 ms.
Unloading 1512 Unused Serialized files (Serialized files now loaded: 0)
System memory in use before: 72.5 MB.
System memory in use after: 72.6 MB.

Unloading 14 unused Assets to reduce memory usage. Loaded Objects now: 2063.
Total: 4.253600 ms (FindLiveObjects: 0.180900 ms CreateObjectMapping: 0.079300 ms MarkObjects: 3.965000 ms  DeleteObjects: 0.026400 ms)

AssetImportParameters requested are different than current active one (requested -> active):
  custom:framework-win-MediaFoundation: 216162199b28c13a410421893ffa2e32 -> 
  custom:video-decoder-ogg-theora: a1e56fd34408186e4bbccfd4996cb3dc -> 
  custom:container-muxer-webm: aa71ff27fc2769a1b78a27578f13a17b -> 
  custom:container-demuxer-webm: 4f35f7cbe854078d1ac9338744f61a02 -> 
  custom:container-demuxer-ogg: 62fdf1f143b41e24485cea50d1cbac27 -> 
  custom:video-encoder-webm-vp8: eb34c28f22e8b96e1ab97ce403110664 -> 
  custom:video-decoder-webm-vp8: 9c59270c3fd7afecdb556c50c9e8de78 -> 
  custom:audio-decoder-ogg-vorbis: bf7c407c2cedff20999df2af8eb42d56 -> 
  custom:audio-encoder-webm-vorbis: bf7c407c2cedff20999df2af8eb42d56 -> 
========================================================================
Received Prepare
Refreshing native plugins compatible for Editor in 12.97 ms, found 2 plugins.
Preloading 0 native plugins for Editor in 0.00 ms.
Unloading 13 Unused Serialized files (Serialized files now loaded: 0)
System memory in use before: 43.2 MB.
System memory in use after: 43.3 MB.

Unloading 12 unused Assets to reduce memory usage. Loaded Objects now: 2063.
Total: 8.155200 ms (FindLiveObjects: 0.249300 ms CreateObjectMapping: 0.097600 ms MarkObjects: 7.770600 ms  DeleteObjects: 0.035400 ms)

AssetImportParameters requested are different than current active one (requested -> active):
  custom:framework-win-MediaFoundation: 216162199b28c13a410421893ffa2e32 -> 
  custom:video-decoder-ogg-theora: a1e56fd34408186e4bbccfd4996cb3dc -> 
  custom:container-muxer-webm: aa71ff27fc2769a1b78a27578f13a17b -> 
  custom:container-demuxer-webm: 4f35f7cbe854078d1ac9338744f61a02 -> 
  custom:container-demuxer-ogg: 62fdf1f143b41e24485cea50d1cbac27 -> 
  custom:video-encoder-webm-vp8: eb34c28f22e8b96e1ab97ce403110664 -> 
  custom:video-decoder-webm-vp8: 9c59270c3fd7afecdb556c50c9e8de78 -> 
  custom:audio-decoder-ogg-vorbis: bf7c407c2cedff20999df2af8eb42d56 -> 
  custom:audio-encoder-webm-vorbis: bf7c407c2cedff20999df2af8eb42d56 -> 
AssetImportWorkerClient::OnTransportError - code=2 error=End of file
